<?xml version="1.0" encoding="UTF-8"?>
<!-- Generated by org.testng.reporters.JUnitReportReporter -->
<testsuite skipped="0" hostname="Fuads-MacBook-Pro.local" name="com.prototype.framework.runner.TestNgCucumberRunner" tests="2" failures="0" timestamp="29 Dec 2018 15:12:24 GMT" time="18.139" errors="0">
  <testcase name="runTests" time="12.321" classname="com.prototype.framework.runner.TestNgCucumberRunner"/>
  <testcase name="runTests" time="5.818" classname="com.prototype.framework.runner.TestNgCucumberRunner"/>
</testsuite> <!-- com.prototype.framework.runner.TestNgCucumberRunner -->
