<?xml version="1.0" encoding="UTF-8"?>
<!-- Generated by org.testng.reporters.JUnitReportReporter -->
<testsuite skipped="0" hostname="NOL-LOE-GEL0095" name="com.prototype.framework.runner.TestNgCucumberRunner" tests="2" failures="0" timestamp="16 Jan 2019 14:54:49 GMT" time="14.753" errors="0">
  <testcase name="runTests" time="3.129" classname="com.prototype.framework.runner.TestNgCucumberRunner"/>
  <testcase name="runTests" time="11.624" classname="com.prototype.framework.runner.TestNgCucumberRunner"/>
</testsuite> <!-- com.prototype.framework.runner.TestNgCucumberRunner -->
