<?xml version="1.0" encoding="UTF-8"?>
<!-- Generated by org.testng.reporters.JUnitReportReporter -->
<testsuite skipped="0" hostname="Fuads-MacBook-Pro.local" name="com.prototype.framework.runner.TestNgCucumberRunner" tests="2" failures="0" timestamp="07 Jan 2019 20:01:26 GMT" time="13.482" errors="0">
  <testcase name="runTests" time="4.685" classname="com.prototype.framework.runner.TestNgCucumberRunner"/>
  <testcase name="runTests" time="8.797" classname="com.prototype.framework.runner.TestNgCucumberRunner"/>
</testsuite> <!-- com.prototype.framework.runner.TestNgCucumberRunner -->
