<?xml version="1.0" encoding="UTF-8"?>
<!-- Generated by org.testng.reporters.JUnitReportReporter -->
<testsuite skipped="0" hostname="Fuads-MacBook-Pro.local" name="com.prototype.framework.runner.TestNgCucumberRunner" tests="2" failures="0" timestamp="07 Jan 2019 20:21:57 GMT" time="12.879" errors="0">
  <testcase name="runTests" time="8.134" classname="com.prototype.framework.runner.TestNgCucumberRunner"/>
  <testcase name="runTests" time="4.745" classname="com.prototype.framework.runner.TestNgCucumberRunner"/>
</testsuite> <!-- com.prototype.framework.runner.TestNgCucumberRunner -->
